[      82ms] [ERROR] Failed to load resource: the server responded with a status of 404 (Not Found) @ http://127.0.0.1:46580/favicon.ico:0
[      94ms] [ERROR] Failed to load resource: net::ERR_CONNECTION_CLOSED @ https://usage-v3.skypilot.co/static/posthog-recorder.js?v=1.356.0:0
[      95ms] [ERROR] Failed to load resource: net::ERR_CONNECTION_CLOSED @ https://usage-v3.skypilot.co/static/dead-clicks-autocapture.js?v=1.356.0:0
[      95ms] [ERROR] Failed to load resource: net::ERR_CONNECTION_CLOSED @ https://usage-v3.skypilot.co/static/web-vitals.js?v=1.356.0:0
[      96ms] [ERROR] Failed to load resource: net::ERR_CONNECTION_CLOSED @ https://usage-v3.skypilot.co/array/phc_QHyDrOac26TKUEYArlailR2EDe8xOCg2Vb4kjzdoADi/config.js:0
[      99ms] [ERROR] Failed to load resource: net::ERR_CONNECTION_CLOSED @ https://usage-v3.skypilot.co/array/phc_QHyDrOac26TKUEYArlailR2EDe8xOCg2Vb4kjzdoADi/config?ip=0&_=1773910569132&ver=1.356.0:0
[     118ms] [ERROR] Failed to load resource: the server responded with a status of 500 (Internal Server Error) @ http://127.0.0.1:46580/plugins/auth.js:0
[     118ms] [ERROR] Refused to execute script from 'http://127.0.0.1:46580/plugins/auth.js' because its MIME type ('application/json') is not executable, and strict MIME type checking is enabled. @ http://127.0.0.1:46580/dashboard/:0
[     126ms] [ERROR] Failed to load resource: net::ERR_CONNECTION_CLOSED @ https://usage-v3.skypilot.co/flags/?v=2&ip=0&_=1773910569142&ver=1.356.0&compression=base64:0
[     129ms] [WARNING] [SkyDashboardPlugin] Failed to load plugin script: http://127.0.0.1:46580/plugins/auth.js Event @ http://127.0.0.1:46580/dashboard/_next/static/chunks/pages/_app-040892cfe34046a8.js:85
[     224ms] [ERROR] Failed to load resource: net::ERR_CONNECTION_CLOSED @ https://usage-v3.skypilot.co/flags/?v=2&ip=0&_=1773910569230&ver=1.356.0&compression=base64:0
[    3092ms] [ERROR] Failed to load resource: net::ERR_CONNECTION_CLOSED @ https://usage-v3.skypilot.co/e/?ip=0&_=1773910572124&ver=1.356.0:0
[    7263ms] [ERROR] Failed to load resource: net::ERR_CONNECTION_CLOSED @ https://usage-v3.skypilot.co/e/?ip=0&_=1773910576295&ver=1.356.0:0
[    8267ms] [ERROR] Failed to load resource: net::ERR_CONNECTION_CLOSED @ https://usage-v3.skypilot.co/e/?retry_count=1&ip=0&_=1773910577299&ver=1.356.0:0
[   11269ms] [ERROR] Failed to load resource: net::ERR_CONNECTION_CLOSED @ https://usage-v3.skypilot.co/e/?retry_count=1&ip=0&_=1773910580300&ver=1.356.0:0
[   12263ms] [ERROR] Failed to load resource: net::ERR_CONNECTION_CLOSED @ https://usage-v3.skypilot.co/e/?ip=0&_=1773910581295&ver=1.356.0:0
[   14269ms] [ERROR] Failed to load resource: net::ERR_CONNECTION_CLOSED @ https://usage-v3.skypilot.co/e/?retry_count=2&ip=0&_=1773910583302&ver=1.356.0:0
[   17262ms] [ERROR] Failed to load resource: net::ERR_CONNECTION_CLOSED @ https://usage-v3.skypilot.co/e/?ip=0&_=1773910586295&ver=1.356.0:0
[   17270ms] [ERROR] Failed to load resource: net::ERR_CONNECTION_CLOSED @ https://usage-v3.skypilot.co/e/?retry_count=2&ip=0&_=1773910586303&ver=1.356.0:0
[   17270ms] [ERROR] Failed to load resource: net::ERR_CONNECTION_CLOSED @ https://usage-v3.skypilot.co/e/?retry_count=1&ip=0&_=1773910586304&ver=1.356.0:0
[   20272ms] [ERROR] Failed to load resource: net::ERR_CONNECTION_CLOSED @ https://usage-v3.skypilot.co/e/?retry_count=1&ip=0&_=1773910589304&ver=1.356.0:0
[   23273ms] [ERROR] Failed to load resource: net::ERR_CONNECTION_CLOSED @ https://usage-v3.skypilot.co/e/?retry_count=2&ip=0&_=1773910592306&ver=1.356.0:0
[   26275ms] [ERROR] Failed to load resource: net::ERR_CONNECTION_CLOSED @ https://usage-v3.skypilot.co/e/?retry_count=2&ip=0&_=1773910595307&ver=1.356.0:0
[   29276ms] [ERROR] Failed to load resource: net::ERR_CONNECTION_CLOSED @ https://usage-v3.skypilot.co/e/?retry_count=3&ip=0&_=1773910598309&ver=1.356.0:0
[   32277ms] [ERROR] Failed to load resource: net::ERR_CONNECTION_CLOSED @ https://usage-v3.skypilot.co/e/?retry_count=3&ip=0&_=1773910601310&ver=1.356.0:0
[   37589ms] [ERROR] Failed to load resource: net::ERR_CONNECTION_CLOSED @ https://usage-v3.skypilot.co/e/?retry_count=3&ip=0&_=1773910606621&ver=1.356.0:0
[   37589ms] [ERROR] Failed to load resource: net::ERR_CONNECTION_CLOSED @ https://usage-v3.skypilot.co/e/?retry_count=3&ip=0&_=1773910606622&ver=1.356.0:0
[   52591ms] [ERROR] Failed to load resource: net::ERR_CONNECTION_CLOSED @ https://usage-v3.skypilot.co/e/?retry_count=4&ip=0&_=1773910621624&ver=1.356.0:0
[   58593ms] [ERROR] Failed to load resource: net::ERR_CONNECTION_CLOSED @ https://usage-v3.skypilot.co/e/?retry_count=4&ip=0&_=1773910627626&ver=1.356.0:0
[   61595ms] [ERROR] Failed to load resource: net::ERR_CONNECTION_CLOSED @ https://usage-v3.skypilot.co/e/?retry_count=4&ip=0&_=1773910630627&ver=1.356.0:0
[   69756ms] [ERROR] Failed to load resource: net::ERR_CONNECTION_CLOSED @ https://usage-v3.skypilot.co/e/?retry_count=4&ip=0&_=1773910638788&ver=1.356.0:0
