[     219ms] [ERROR] Failed to load resource: the server responded with a status of 404 (Not Found) @ http://127.0.0.1:46580/favicon.ico:0
[     228ms] [ERROR] Failed to load resource: net::ERR_CONNECTION_CLOSED @ https://usage-v3.skypilot.co/static/posthog-recorder.js?v=1.356.0:0
[     228ms] [ERROR] Failed to load resource: net::ERR_CONNECTION_CLOSED @ https://usage-v3.skypilot.co/static/dead-clicks-autocapture.js?v=1.356.0:0
[     228ms] [ERROR] Failed to load resource: net::ERR_CONNECTION_CLOSED @ https://usage-v3.skypilot.co/static/web-vitals.js?v=1.356.0:0
[     228ms] [ERROR] Failed to load resource: net::ERR_CONNECTION_CLOSED @ https://usage-v3.skypilot.co/array/phc_QHyDrOac26TKUEYArlailR2EDe8xOCg2Vb4kjzdoADi/config.js:0
[     233ms] [ERROR] Failed to load resource: net::ERR_CONNECTION_CLOSED @ https://usage-v3.skypilot.co/array/phc_QHyDrOac26TKUEYArlailR2EDe8xOCg2Vb4kjzdoADi/config?ip=0&_=1773910357375&ver=1.356.0:0
[     243ms] [ERROR] Failed to load resource: net::ERR_CONNECTION_CLOSED @ https://usage-v3.skypilot.co/flags/?v=2&ip=0&_=1773910357386&ver=1.356.0&compression=base64:0
[     260ms] [ERROR] Failed to load resource: the server responded with a status of 500 (Internal Server Error) @ http://127.0.0.1:46580/plugins/auth.js:0
[     260ms] [ERROR] Refused to execute script from 'http://127.0.0.1:46580/plugins/auth.js' because its MIME type ('application/json') is not executable, and strict MIME type checking is enabled. @ http://127.0.0.1:46580/dashboard/:0
[     261ms] [WARNING] [SkyDashboardPlugin] Failed to load plugin script: http://127.0.0.1:46580/plugins/auth.js Event @ http://127.0.0.1:46580/dashboard/_next/static/chunks/pages/_app-040892cfe34046a8.js:85
[     309ms] [ERROR] Failed to load resource: net::ERR_CONNECTION_CLOSED @ https://usage-v3.skypilot.co/flags/?v=2&ip=0&_=1773910357436&ver=1.356.0&compression=base64:0
[    3228ms] [ERROR] Failed to load resource: net::ERR_CONNECTION_CLOSED @ https://usage-v3.skypilot.co/e/?ip=0&_=1773910360370&ver=1.356.0:0
[    6233ms] [ERROR] Failed to load resource: net::ERR_CONNECTION_CLOSED @ https://usage-v3.skypilot.co/e/?retry_count=1&ip=0&_=1773910363375&ver=1.356.0:0
[   12237ms] [ERROR] Failed to load resource: net::ERR_CONNECTION_CLOSED @ https://usage-v3.skypilot.co/e/?retry_count=2&ip=0&_=1773910369380&ver=1.356.0:0
[   17881ms] [ERROR] Failed to load resource: net::ERR_CONNECTION_CLOSED @ https://usage-v3.skypilot.co/e/?ip=0&_=1773910375023&ver=1.356.0:0
[   20883ms] [ERROR] Failed to load resource: net::ERR_CONNECTION_CLOSED @ https://usage-v3.skypilot.co/e/?retry_count=1&ip=0&_=1773910378025&ver=1.356.0:0
[   22869ms] [ERROR] Failed to load resource: net::ERR_CONNECTION_CLOSED @ https://usage-v3.skypilot.co/e/?ip=0&_=1773910380012&ver=1.356.0:0
[   26886ms] [ERROR] Failed to load resource: net::ERR_CONNECTION_CLOSED @ https://usage-v3.skypilot.co/e/?retry_count=3&ip=0&_=1773910384027&ver=1.356.0:0
[   26886ms] [ERROR] Failed to load resource: net::ERR_CONNECTION_CLOSED @ https://usage-v3.skypilot.co/e/?retry_count=2&ip=0&_=1773910384028&ver=1.356.0:0
[   26886ms] [ERROR] Failed to load resource: net::ERR_CONNECTION_CLOSED @ https://usage-v3.skypilot.co/e/?retry_count=1&ip=0&_=1773910384029&ver=1.356.0:0
[   27869ms] [ERROR] Failed to load resource: net::ERR_CONNECTION_CLOSED @ https://usage-v3.skypilot.co/e/?ip=0&_=1773910385012&ver=1.356.0:0
[   32891ms] [ERROR] Failed to load resource: net::ERR_CONNECTION_CLOSED @ https://usage-v3.skypilot.co/e/?retry_count=1&ip=0&_=1773910390033&ver=1.356.0:0
[   35892ms] [ERROR] Failed to load resource: net::ERR_CONNECTION_CLOSED @ https://usage-v3.skypilot.co/e/?retry_count=2&ip=0&_=1773910393034&ver=1.356.0:0
[   38893ms] [ERROR] Failed to load resource: net::ERR_CONNECTION_CLOSED @ https://usage-v3.skypilot.co/e/?retry_count=2&ip=0&_=1773910396036&ver=1.356.0:0
[   41894ms] [ERROR] Failed to load resource: net::ERR_CONNECTION_CLOSED @ https://usage-v3.skypilot.co/e/?retry_count=3&ip=0&_=1773910399037&ver=1.356.0:0
[   47030ms] [ERROR] Failed to load resource: net::ERR_CONNECTION_CLOSED @ https://usage-v3.skypilot.co/e/?retry_count=3&ip=0&_=1773910404172&ver=1.356.0:0
[   53031ms] [ERROR] Failed to load resource: net::ERR_CONNECTION_CLOSED @ https://usage-v3.skypilot.co/e/?retry_count=3&ip=0&_=1773910410174&ver=1.356.0:0
[   56033ms] [ERROR] Failed to load resource: net::ERR_CONNECTION_CLOSED @ https://usage-v3.skypilot.co/e/?retry_count=4&ip=0&_=1773910413175&ver=1.356.0:0
[   68034ms] [ERROR] Failed to load resource: net::ERR_CONNECTION_CLOSED @ https://usage-v3.skypilot.co/e/?retry_count=4&ip=0&_=1773910425177&ver=1.356.0:0
[   71035ms] [ERROR] Failed to load resource: net::ERR_CONNECTION_CLOSED @ https://usage-v3.skypilot.co/e/?retry_count=4&ip=0&_=1773910428178&ver=1.356.0:0
[   73322ms] [ERROR] Failed to load resource: net::ERR_CONNECTION_CLOSED @ https://usage-v3.skypilot.co/e/?retry_count=4&ip=0&_=1773910430465&ver=1.356.0:0
[  100326ms] [ERROR] Failed to load resource: net::ERR_CONNECTION_CLOSED @ https://usage-v3.skypilot.co/e/?retry_count=5&ip=0&_=1773910457468&ver=1.356.0:0
[  108569ms] [ERROR] Failed to load resource: net::ERR_CONNECTION_CLOSED @ https://usage-v3.skypilot.co/e/?retry_count=5&ip=0&_=1773910465710&ver=1.356.0:0
[  108569ms] [ERROR] Failed to load resource: net::ERR_CONNECTION_CLOSED @ https://usage-v3.skypilot.co/e/?retry_count=5&ip=0&_=1773910465712&ver=1.356.0:0
[  114570ms] [ERROR] Failed to load resource: net::ERR_CONNECTION_CLOSED @ https://usage-v3.skypilot.co/e/?retry_count=5&ip=0&_=1773910471713&ver=1.356.0:0
